<?xml version="1.0" encoding="UTF-8"?>
<testsuite name="PetStoreTest" tests="1" skipped="0" failures="0" errors="0" timestamp="2021-09-24T13:53:21" hostname="DESKTOP-0OUV79E" time="1.762">
  <properties/>
  <testcase name="deletePurchaseOrderById" classname="PetStoreTest" time="1.762"/>
  <system-out><![CDATA[Request method:	GET
Request URI:	https://petstore.swagger.io/v2/store/order/1
Proxy:			<none>
Request params:	<none>
Query params:	<none>
Form params:	<none>
Path params:	<none>
Headers:		Accept=*/*
				Content-Type=application/json
Cookies:		<none>
Multiparts:		<none>
Body:			<none>
HTTP/1.1 200 OK
Date: Fri, 24 Sep 2021 13:53:23 GMT
Content-Type: application/json
Transfer-Encoding: chunked
Connection: keep-alive
Access-Control-Allow-Origin: *
Access-Control-Allow-Methods: GET, POST, DELETE, PUT
Access-Control-Allow-Headers: Content-Type, api_key, Authorization
Server: Jetty(9.2.9.v20150224)

{
    "id": 1,
    "petId": 2,
    "quantity": 1,
    "shipDate": "2021-09-24T11:36:32.498+0000",
    "status": "placed",
    "complete": true
}
]]></system-out>
  <system-err><![CDATA[]]></system-err>
</testsuite>
